Log file open, 06/01/16 03:10:02
LogInit:Display: Running engine for game: FYP
LogPlatformFile: Not using cached read wrapper
LogInit:Display: RandInit(481955865) SRandInit(481955867).
LogTaskGraph: Started task graph with 4 named threads and 7 total threads.
LogStats: Stats thread started at 0.075921
LogHMD: Can't find Oculus library dev build: is proper Runtime installed? Version: 0.8.0.0
LogInit: Version: 4.11.0-2927265+++UE4+Release-4.11
LogInit: API Version: 2927265
LogInit: Compiled (64-bit): Mar 30 2016 02:13:55
LogInit: Compiled with Visual C++: 19.00.23026.00
LogInit: Build Configuration: Development
LogInit: Branch Name: ++UE4+Release-4.11
LogInit: Command line: -EpicPortal 
LogInit: Base directory: C:/Program Files/Epic Games/4.11/Engine/Binaries/Win64/
LogInit: Installed Engine Build: 1
LogInit: Using libcurl 7.41.0
LogInit:  - built for x86_64-pc-win32
LogInit:  - supports SSL with WinSSL
LogInit:  - other features:
LogInit:      CURL_VERSION_SSL
LogInit:      CURL_VERSION_IPV6
LogInit:      CURL_VERSION_ASYNCHDNS
LogInit:      CURL_VERSION_LARGEFILE
LogInit:      CURL_VERSION_IDN
LogInit:  CurlRequestOptions (configurable via config and command line):
LogInit:  - bVerifyPeer = true  - Libcurl will verify peer certificate
LogInit:  - bUseHttpProxy = false  - Libcurl will NOT use HTTP proxy
LogInit:  - bDontReuseConnections = false  - Libcurl will reuse connections
LogInit:  - CertBundlePath = nullptr  - Libcurl will use whatever was configured at build time.
LogInit: Presizing for max 16777216 objects, including 0 objects not considered by GC, pre-allocating 0 bytes for permanent pool.
LogInit: Object subsystem initialized
[2016.05.31-19.10.02:750][  0]LogInit: Selected Device Profile: [Windows]
[2016.05.31-19.10.02:750][  0]LogInit: Applying CVar settings loaded from the selected device profile: [Windows]
[2016.05.31-19.10.02:760][  0]LogInit: Computer: KAWAYAKI
[2016.05.31-19.10.02:760][  0]LogInit: User: Alvin
[2016.05.31-19.10.02:760][  0]LogInit: CPU Page size=65536, Cores=4
[2016.05.31-19.10.02:760][  0]LogInit: High frequency timer resolution =2.439992 MHz
[2016.05.31-19.10.02:760][  0]LogMemory: Memory total: Physical=15.9GB (16GB approx)
[2016.05.31-19.10.02:760][  0]LogMemory: Platform Memory Stats for Windows
[2016.05.31-19.10.02:760][  0]LogMemory: Process Physical Memory: 314.09 MB used, 314.09 MB peak
[2016.05.31-19.10.02:760][  0]LogMemory: Process Virtual Memory: 314.92 MB used, 314.92 MB peak
[2016.05.31-19.10.02:760][  0]LogMemory: Physical Memory: 8071.03 MB used, 16269.45 MB total
[2016.05.31-19.10.02:760][  0]LogMemory: Virtual Memory: 652.64 MB used, 134217728.00 MB total
[2016.05.31-19.10.02:790][  0]LogTextLocalizationManager: No specific translations for ('en-MY') exist, so ('en') translations will be used.
[2016.05.31-19.10.03:199][  0]LogD3D11RHI: D3D11 adapters:
[2016.05.31-19.10.03:228][  0]LogD3D11RHI:    0. 'NVIDIA GeForce GTX 980M ' (Feature Level 11_0)
[2016.05.31-19.10.03:229][  0]LogD3D11RHI:       4012MB of dedicated video memory, 0MB of dedicated system memory, and 8134MB of shared system memory, 1 output[s]
[2016.05.31-19.10.03:234][  0]LogD3D11RHI:    1. 'Intel(R) HD Graphics 4600' (Feature Level 11_0)
[2016.05.31-19.10.03:234][  0]LogD3D11RHI:       112MB of dedicated video memory, 0MB of dedicated system memory, and 8134MB of shared system memory, 0 output[s]
[2016.05.31-19.10.03:236][  0]LogD3D11RHI:    2. 'Microsoft Basic Render Driver' (Feature Level 11_0)
[2016.05.31-19.10.03:236][  0]LogD3D11RHI:       0MB of dedicated video memory, 0MB of dedicated system memory, and 8134MB of shared system memory, 0 output[s]
[2016.05.31-19.10.03:236][  0]LogD3D11RHI: Chosen D3D11 Adapter: 0
[2016.05.31-19.10.03:250][  0]LogD3D11RHI: Creating new Direct3DDevice
[2016.05.31-19.10.03:250][  0]LogD3D11RHI:     Adapter Name: NVIDIA GeForce GTX 980M 
[2016.05.31-19.10.03:250][  0]LogD3D11RHI:   Driver Version: Unknown (internal Unknown)
[2016.05.31-19.10.03:250][  0]LogD3D11RHI:      Driver Date: Unknown
[2016.05.31-19.10.03:250][  0]LogRHI: Texture pool is 1361 MB (70% of 1945 MB)
[2016.05.31-19.10.03:266][  0]LogD3D11RHI: Async texture creation enabled
[2016.05.31-19.10.03:284][  0]LogShaderCompilers: Guid format shader working directory is -36 characters bigger than the processId version (../../../../../../Users/Alvin/Documents/Unreal Projects/RunawayGame/Runaway-Game/Intermediate/Shaders/WorkingDirectory/101220/).
[2016.05.31-19.10.03:285][  0]LogShaderCompilers: Cleaned the shader compiler working directory 'C:/Users/Alvin/AppData/Local/Temp/UnrealShaderWorkingDir/E12177A54B744FD02C593CACAD24CF34/'.
[2016.05.31-19.10.03:285][  0]LogShaderCompilers:Display: Using Local Shader Compiler.
[2016.05.31-19.10.06:146][  0]LogTemp:Display: Loaded TP AllDesktopTargetPlatform
[2016.05.31-19.10.06:151][  0]LogTemp:Display: Loaded TP WindowsClientTargetPlatform
[2016.05.31-19.10.06:156][  0]LogTemp:Display: Loaded TP WindowsNoEditorTargetPlatform
[2016.05.31-19.10.06:161][  0]LogTemp:Display: Loaded TP WindowsServerTargetPlatform
[2016.05.31-19.10.06:165][  0]LogTemp:Display: Loaded TP WindowsTargetPlatform
[2016.05.31-19.10.06:169][  0]LogTemp:Display: Loaded TP AndroidTargetPlatform
[2016.05.31-19.10.06:172][  0]LogTemp:Display: Loaded TP Android_ASTCTargetPlatform
[2016.05.31-19.10.06:175][  0]LogTemp:Display: Loaded TP Android_ATCTargetPlatform
[2016.05.31-19.10.06:179][  0]LogTemp:Display: Loaded TP Android_DXTTargetPlatform
[2016.05.31-19.10.06:184][  0]LogTemp:Display: Loaded TP Android_ETC1TargetPlatform
[2016.05.31-19.10.06:188][  0]LogTemp:Display: Loaded TP Android_ETC2TargetPlatform
[2016.05.31-19.10.06:194][  0]LogTemp:Display: Loaded TP Android_MultiTargetPlatform
[2016.05.31-19.10.06:194][  0]LogTemp:Display: Loaded TP Android_PVRTCTargetPlatform
[2016.05.31-19.10.06:195][  0]LogTemp:Display: Loaded TP HTML5TargetPlatform
[2016.05.31-19.10.06:211][  0]LogTemp:Display: Loaded TP IOSTargetPlatform
[2016.05.31-19.10.06:215][  0]LogTemp:Display: Loaded TP TVOSTargetPlatform
[2016.05.31-19.10.06:217][  0]LogTemp:Display: Loaded TP LinuxNoEditorTargetPlatform
[2016.05.31-19.10.06:221][  0]LogTemp:Display: Loaded TP LinuxServerTargetPlatform
[2016.05.31-19.10.06:224][  0]LogTemp:Display: Loaded TP LinuxTargetPlatform
[2016.05.31-19.10.06:224][  0]LogTargetPlatformManager:Display: Building Assets For Windows
[2016.05.31-19.10.06:292][  0]LogDerivedDataCache:Display: Max Cache Size: 512 MB
[2016.05.31-19.10.06:344][  0]LogDerivedDataCache: Loaded boot cache 0.05s 46MB C:/Users/Alvin/AppData/Local/UnrealEngine/4.11/DerivedDataCache/Boot.ddc.
[2016.05.31-19.10.06:344][  0]LogDerivedDataCache:Display: Loaded Boot cache: C:/Users/Alvin/AppData/Local/UnrealEngine/4.11/DerivedDataCache/Boot.ddc
[2016.05.31-19.10.06:344][  0]LogDerivedDataCache: FDerivedDataBackendGraph:  Pak pak cache file ../../../../../../Users/Alvin/Documents/Unreal Projects/RunawayGame/Runaway-Game/DerivedDataCache/DDC.ddp not found, will not use a pak cache.
[2016.05.31-19.10.06:344][  0]LogDerivedDataCache: Unable to find inner node Pak for hierarchical cache Hierarchy.
[2016.05.31-19.10.06:344][  0]LogDerivedDataCache: FDerivedDataBackendGraph:  CompressedPak pak cache file ../../../../../../Users/Alvin/Documents/Unreal Projects/RunawayGame/Runaway-Game/DerivedDataCache/Compressed.ddp not found, will not use a pak cache.
[2016.05.31-19.10.06:344][  0]LogDerivedDataCache: Unable to find inner node CompressedPak for hierarchical cache Hierarchy.
[2016.05.31-19.10.06:359][  0]LogDerivedDataCache:Display: Pak cache opened for reading ../../../Engine/DerivedDataCache/Compressed.ddp.
[2016.05.31-19.10.06:371][  0]LogDerivedDataCache: Using Local data cache path C:/Users/Alvin/AppData/Local/UnrealEngine/Common/DerivedDataCache: Writable
[2016.05.31-19.10.06:531][  0]LogInit: Selected Device Profile: [Windows]
[2016.05.31-19.10.06:532][  0]LogContentStreaming: Texture pool size is 0.00 MB
[2016.05.31-19.10.06:568][  0]LogMaterial: Uniform references updated for custom material expression Custom.
[2016.05.31-19.10.06:681][  0]LogMeshUtilities: No automatic mesh reduction module available
[2016.05.31-19.10.06:681][  0]LogMeshUtilities: No automatic mesh merging module available
[2016.05.31-19.10.06:681][  0]LogMeshUtilities: No distributed automatic mesh merging module available
[2016.05.31-19.10.06:903][  0]LogUObjectArray: 27672 objects as part of root set at end of initial load.
[2016.05.31-19.10.06:903][  0]LogUObjectAllocator: 5589904 out of 0 bytes used by permanent object pool.
[2016.05.31-19.10.06:903][  0]LogUObjectArray: CloseDisregardForGC: 0/0 objects in disregard for GC pool
[2016.05.31-19.10.06:908][  0]LogInit: WinSock: version 1.1 (2.2), MaxSocks=32767, MaxUdp=65467
[2016.05.31-19.10.06:987][  0]LogSlate: SlateFontCache - WITH_FREETYPE: 1, WITH_HARFBUZZ: 1
[2016.05.31-19.10.06:987][  0]LogSlate: SlateFontCache - WITH_FREETYPE: 1, WITH_HARFBUZZ: 1
[2016.05.31-19.10.07:081][  0]LogStreaming:Warning: Failed to read file '../../../Engine/Content/Editor/Slate/Common/Selection_16x.png' error.
[2016.05.31-19.10.07:081][  0]LogSlate: Could not find file for Slate resource: ../../../Engine/Content/Editor/Slate/Common/Selection_16x.png
[2016.05.31-19.10.07:081][  0]LogStreaming:Warning: Failed to read file '../../../Engine/Content/Editor/Slate/Common/Selection_16x.png' error.
[2016.05.31-19.10.07:081][  0]LogSlate: Could not find file for Slate resource: ../../../Engine/Content/Editor/Slate/Common/Selection_16x.png
[2016.05.31-19.10.07:081][  0]LogStreaming:Warning: Failed to read file '../../../Engine/Content/Editor/Slate/Common/Selection_16x.png' error.
[2016.05.31-19.10.07:081][  0]LogSlate: Could not find file for Slate resource: ../../../Engine/Content/Editor/Slate/Common/Selection_16x.png
[2016.05.31-19.10.07:596][  0]LogUdpMessaging: Initializing bridge on interface 0.0.0.0:0 to multicast group 230.0.0.1:6666.
[2016.05.31-19.10.07:698][  0]LogAssetRegistry: FAssetRegistry took 0.0213 seconds to start up
[2016.05.31-19.10.07:850][  0]SourceControl: Info Source control is disabled
[2016.05.31-19.10.07:851][  0]SourceControl: Info Source control is disabled
[2016.05.31-19.10.07:857][  0]SourceControl: Info Source control is disabled
[2016.05.31-19.10.07:863][  0]SourceControl: Info Source control is disabled
[2016.05.31-19.10.08:025][  0]LogEngine: Initializing Engine...
[2016.05.31-19.10.08:026][  0]LogHMD: SteamVR failed to initialize.  Err: 110
[2016.05.31-19.10.08:163][  0]LogAIModule: Creating AISystem for world NewWorld
[2016.05.31-19.10.08:167][  0]LogInit: XAudio2 using 'Speakers (Sound Blaster Recon3Di)' : 2 channels at 48 kHz using 32 bits per sample (channel mask 0x3)
[2016.05.31-19.10.08:175][  0]LogInit: FAudioDevice initialized.
[2016.05.31-19.10.08:202][  0]LogDerivedDataCache: Saved boot cache 0.03s 46MB C:/Users/Alvin/AppData/Local/UnrealEngine/4.11/DerivedDataCache/Boot.ddc.
[2016.05.31-19.10.08:208][  0]LogInit: Texture streaming: Enabled
[2016.05.31-19.10.08:238][  0]LogInit: Transaction tracking system initialized
[2016.05.31-19.10.08:260][  0]BlueprintLog: New page: Editor Load
[2016.05.31-19.10.08:326][  0]LocalizationService: Info Localization service is disabled
[2016.05.31-19.10.08:392][  0]LogConsoleResponse:Display: 
[2016.05.31-19.10.08:487][  0]LogCook:Display: Max memory allowance for cook 8192mb
[2016.05.31-19.10.08:487][  0]LogCook:Display: Mobile HDR setting 1
[2016.05.31-19.10.08:487][  0]LogCook:Display: Done creating registry. It took  0.00s.
[2016.05.31-19.10.08:532][  0]LogFileCache: Scanning file cache for directory 'C:/Users/Alvin/Documents/Unreal Projects/RunawayGame/Runaway-Game/Content/' took 0.01s
[2016.05.31-19.10.08:532][  0]SourceControl: Info Source control is disabled
[2016.05.31-19.10.08:532][  0]Cmd: MAP LOAD FILE="../../../../../../Users/Alvin/Documents/Unreal Projects/RunawayGame/Runaway-Game/Content/FirstPersonBP/Maps/FirstPersonExampleMap.umap" TEMPLATE=0 SHOWPROGRESS=1 FEATURELEVEL=3
[2016.05.31-19.10.08:532][  0]LogEditorServer:Warning: Can't find file '../../../../../../Users/Alvin/Documents/Unreal Projects/RunawayGame/Runaway-Game/Content/FirstPersonBP/Maps/FirstPersonExampleMap.umap'
[2016.05.31-19.10.08:532][  0]Cmd: MAP CHECKDEP NOCLEARLOG
[2016.05.31-19.10.08:564][  0]MapCheck: Info Map check complete: 0 Error(s), 0 Warning(s), took 31.695ms to complete.
[2016.05.31-19.10.08:564][  0]LogFileHelpers: Loading map 'FirstPersonExampleMap' took 0.032
[2016.05.31-19.10.08:685][  0]LogCollectionManager: Loaded 1 collections in 0.002075 seconds
[2016.05.31-19.10.08:726][  0]LogFileCache: Scanning file cache for directory 'C:/Users/Alvin/Documents/Unreal Projects/RunawayGame/Runaway-Game/Saved/Collections/' took 0.01s
[2016.05.31-19.10.08:726][  0]LogFileCache: Scanning file cache for directory 'C:/Users/Alvin/Documents/Unreal Projects/RunawayGame/Runaway-Game/Content/Developers/Alvin/Collections/' took 0.01s
[2016.05.31-19.10.08:726][  0]LogFileCache: Scanning file cache for directory 'C:/Users/Alvin/Documents/Unreal Projects/RunawayGame/Runaway-Game/Content/Collections/' took 0.01s
[2016.05.31-19.10.08:726][  0]LogCollectionManager: Rebuilt the GUID cache for 1 collections in 0.000005 seconds
[2016.05.31-19.10.08:726][  0]LogCollectionManager: Rebuilt the hierarchy cache for 1 collections in 0.000000 seconds
[2016.05.31-19.10.08:734][  0]LogContentBrowser: Native class hierarchy populated in 0.0077 seconds. Added 1978 classes and 343 folders.
[2016.05.31-19.10.08:738][  0]LogStats: UGameplayTagsManager::ConstructGameplayTagTree: Construct from data asset -  0.000 s
[2016.05.31-19.10.08:738][  0]LogStats: UGameplayTagsManager::ConstructGameplayTagTree: GameplayTagTreeChangedEvent.Broadcast -  0.000 s
[2016.05.31-19.10.08:738][  0]LogContentBrowser: Native class hierarchy updated for 'GameplayTags' in 0.0004 seconds. Added 12 classes and 0 folders.
[2016.05.31-19.10.08:742][  0]LogContentBrowser: Native class hierarchy updated for 'WidgetCarousel' in 0.0003 seconds. Added 0 classes and 0 folders.
[2016.05.31-19.10.08:748][  0]LogContentBrowser: Native class hierarchy updated for 'SuperSearch' in 0.0003 seconds. Added 1 classes and 2 folders.
[2016.05.31-19.10.08:779][  0]LogContentBrowser: Native class hierarchy updated for 'AddContentDialog' in 0.0004 seconds. Added 0 classes and 0 folders.
[2016.05.31-19.10.08:783][  0]LogContentBrowser: Native class hierarchy updated for 'SceneOutliner' in 0.0004 seconds. Added 1 classes and 2 folders.
[2016.05.31-19.10.08:840][  0]LogCrashTracker: Crashtracker disabled due to settings.
[2016.05.31-19.10.08:845][  0]LogUObjectGlobals:Warning: Failed to find object 'Class None.'
[2016.05.31-19.10.08:871][  0]LogContentBrowser: Native class hierarchy updated for 'HierarchicalLODOutliner' in 0.0004 seconds. Added 1 classes and 2 folders.
[2016.05.31-19.10.08:871][  0]LogLoad: Full Startup: 6.82 seconds (BP compile: 0.00 seconds)
[2016.05.31-19.10.08:871][  0]LogExternalProfiler:Warning: No registered external profiler was matched with a command-line switch (or the DLL could not be loaded).  External profiling features will not be available.
[2016.05.31-19.10.08:889][  0]LogWindowsTextInputMethodSystem:Display: IME system now deactivated.
[2016.05.31-19.10.08:890][  0]LogWindowsTextInputMethodSystem:Display: IME system now deactivated.
[2016.05.31-19.10.08:891][  0]LogOcInput: Can't find Oculus library dev build: is proper Runtime installed? Version: 0.8.0.0
[2016.05.31-19.10.08:945][  0]LogContentStreaming: Texture pool size now 1000 MB
[2016.05.31-19.10.09:077][  0]LogRenderer: Reallocating scene render targets to support 948x456 (Frame:2).
[2016.05.31-19.10.09:145][  1]LogFileCache: Retrieving MD5 hashes for directory 'C:/Users/Alvin/Documents/Unreal Projects/RunawayGame/Runaway-Game/Content/' took 0.24s
[2016.05.31-19.10.09:157][  1]LogAssetRegistry: Asset discovery search completed in 1.4804 seconds
[2016.05.31-19.10.09:157][  1]LogCollectionManager: Rebuilt the object cache for 1 collections in 0.000001 seconds (found 0 objects)
[2016.05.31-19.10.09:157][  1]LogCollectionManager: Fixed up redirectors for 1 collections in 0.000017 seconds (updated 0 objects)
[2016.05.31-19.10.11:912][163]AssetReimport: New page: Outstanding source content changes 11:10:11 AM
[2016.05.31-19.10.11:969][163]LogEditorFactories: Performing atomic reimport of [C:/Users/Alvin/Documents/Unreal Projects/RunawayGame/Runaway-Game/Content/Assets/Models/Building_InsertPipe001.FBX]
[2016.05.31-19.10.11:989][163]LogFbx: Loading FBX Scene from C:/Users/Alvin/Documents/Unreal Projects/RunawayGame/Runaway-Game/Content/Assets/Models/Building_InsertPipe001.FBX
[2016.05.31-19.10.14:273][163]LogFbx: FBX Scene Loaded Succesfully
[2016.05.31-19.10.14:305][163]LogStaticMesh: Building static mesh Building_InsertPipe001...
[2016.05.31-19.10.14:392][163]LogStaticMesh: Built static mesh [0.09s] /Game/Assets/Models/Building_InsertPipe001.Building_InsertPipe001
[2016.05.31-19.10.14:403][163]LogEditorFactories: -- imported successfully
[2016.05.31-19.10.14:407][163]LogStaticMesh: Building static mesh Building_InsertPipe001...
[2016.05.31-19.10.14:612][163]LogStaticMesh: Built static mesh [0.20s] /Game/Assets/Models/Building_InsertPipe001.Building_InsertPipe001
[2016.05.31-19.10.14:676][164]LogEditorFactories: Performing atomic reimport of [C:/Users/Alvin/Documents/Unreal Projects/RunawayGame/Runaway-Game/Content/Assets/Models/Building_Upper002.FBX]
[2016.05.31-19.10.14:684][164]LogFbx: Loading FBX Scene from C:/Users/Alvin/Documents/Unreal Projects/RunawayGame/Runaway-Game/Content/Assets/Models/Building_Upper002.FBX
[2016.05.31-19.10.14:714][164]LogFbx: FBX Scene Loaded Succesfully
[2016.05.31-19.10.14:742][164]LogStaticMesh: Building static mesh Building_Upper002...
[2016.05.31-19.10.15:063][164]LogStaticMesh: Built static mesh [0.32s] /Game/Assets/Models/Building_Upper002.Building_Upper002
[2016.05.31-19.10.15:087][164]LogEditorFactories: -- imported successfully
[2016.05.31-19.10.15:092][164]LogStaticMesh: Building static mesh Building_Upper002...
[2016.05.31-19.10.21:289][164]LogStaticMesh: Built static mesh [6.20s] /Game/Assets/Models/Building_Upper002.Building_Upper002
[2016.05.31-19.10.21:350][165]LogEditorFactories: Performing atomic reimport of [C:/Users/Alvin/Documents/Unreal Projects/RunawayGame/Runaway-Game/Content/Assets/Models/FloorEdgeC_001.FBX]
[2016.05.31-19.10.21:357][165]LogFbx: Loading FBX Scene from C:/Users/Alvin/Documents/Unreal Projects/RunawayGame/Runaway-Game/Content/Assets/Models/FloorEdgeC_001.FBX
[2016.05.31-19.10.21:365][165]LogFbx: FBX Scene Loaded Succesfully
[2016.05.31-19.10.21:371][165]LogStaticMesh: Building static mesh FloorEdgeC_001...
[2016.05.31-19.10.21:374][165]LogStaticMesh: Built static mesh [0.00s] /Game/Assets/Models/FloorEdgeC_001.FloorEdgeC_001
[2016.05.31-19.10.21:374][165]LogEditorFactories: -- imported successfully
[2016.05.31-19.10.21:394][166]LogEditorFactories: Performing atomic reimport of [C:/Users/Alvin/Documents/Unreal Projects/RunawayGame/Runaway-Game/Content/Assets/Models/FloorEdgeC_002.FBX]
[2016.05.31-19.10.21:402][166]LogFbx: Loading FBX Scene from C:/Users/Alvin/Documents/Unreal Projects/RunawayGame/Runaway-Game/Content/Assets/Models/FloorEdgeC_002.FBX
[2016.05.31-19.10.21:410][166]LogFbx: FBX Scene Loaded Succesfully
[2016.05.31-19.10.21:429][166]LogStaticMesh: Building static mesh FloorEdgeC_002...
[2016.05.31-19.10.21:447][166]LogStaticMesh: Built static mesh [0.02s] /Game/Assets/Models/FloorEdgeC_002.FloorEdgeC_002
[2016.05.31-19.10.21:449][166]LogEditorFactories: -- imported successfully
[2016.05.31-19.10.21:450][166]LogStaticMesh: Building static mesh FloorEdgeC_002...
[2016.05.31-19.10.22:151][166]LogStaticMesh: Built static mesh [0.70s] /Game/Assets/Models/FloorEdgeC_002.FloorEdgeC_002
[2016.05.31-19.10.22:162][167]LogEditorFactories: Performing atomic reimport of [C:/Users/Alvin/Documents/Unreal Projects/RunawayGame/Runaway-Game/Content/Assets/Models/FloorEdgeC_003.FBX]
[2016.05.31-19.10.22:169][167]LogFbx: Loading FBX Scene from C:/Users/Alvin/Documents/Unreal Projects/RunawayGame/Runaway-Game/Content/Assets/Models/FloorEdgeC_003.FBX
[2016.05.31-19.10.22:177][167]LogFbx: FBX Scene Loaded Succesfully
[2016.05.31-19.10.22:185][167]LogStaticMesh: Building static mesh FloorEdgeC_003...
[2016.05.31-19.10.22:203][167]LogStaticMesh: Built static mesh [0.02s] /Game/Assets/Models/FloorEdgeC_003.FloorEdgeC_003
[2016.05.31-19.10.22:205][167]LogEditorFactories: -- imported successfully
[2016.05.31-19.10.22:207][167]LogStaticMesh: Building static mesh FloorEdgeC_003...
[2016.05.31-19.10.24:291][167]LogStaticMesh: Built static mesh [2.08s] /Game/Assets/Models/FloorEdgeC_003.FloorEdgeC_003
[2016.05.31-19.10.24:315][168]LogEditorFactories: Performing atomic reimport of [C:/Users/Alvin/Documents/Unreal Projects/RunawayGame/Runaway-Game/Content/Assets/Models/FloorEdge_001.FBX]
[2016.05.31-19.10.24:323][168]LogFbx: Loading FBX Scene from C:/Users/Alvin/Documents/Unreal Projects/RunawayGame/Runaway-Game/Content/Assets/Models/FloorEdge_001.FBX
[2016.05.31-19.10.24:329][168]LogFbx: FBX Scene Loaded Succesfully
[2016.05.31-19.10.24:334][168]LogStaticMesh: Building static mesh FloorEdge_001...
[2016.05.31-19.10.24:341][168]LogStaticMesh: Built static mesh [0.01s] /Game/Assets/Models/FloorEdge_001.FloorEdge_001
[2016.05.31-19.10.24:341][168]LogEditorFactories: -- imported successfully
[2016.05.31-19.10.24:342][168]LogStaticMesh: Building static mesh FloorEdge_001...
[2016.05.31-19.10.24:484][168]LogStaticMesh: Built static mesh [0.14s] /Game/Assets/Models/FloorEdge_001.FloorEdge_001
[2016.05.31-19.10.24:505][169]LogEditorFactories: Performing atomic reimport of [C:/Users/Alvin/Documents/Unreal Projects/RunawayGame/Runaway-Game/Content/Assets/Models/FloorEdge_002.FBX]
[2016.05.31-19.10.24:512][169]LogFbx: Loading FBX Scene from C:/Users/Alvin/Documents/Unreal Projects/RunawayGame/Runaway-Game/Content/Assets/Models/FloorEdge_002.FBX
[2016.05.31-19.10.24:518][169]LogFbx: FBX Scene Loaded Succesfully
[2016.05.31-19.10.24:525][169]LogStaticMesh: Building static mesh FloorEdge_002...
[2016.05.31-19.10.24:527][169]LogStaticMesh: Built static mesh [0.00s] /Game/Assets/Models/FloorEdge_002.FloorEdge_002
[2016.05.31-19.10.24:527][169]LogEditorFactories: -- imported successfully
[2016.05.31-19.10.24:528][169]LogStaticMesh: Building static mesh FloorEdge_002...
[2016.05.31-19.10.24:581][169]LogStaticMesh: Built static mesh [0.05s] /Game/Assets/Models/FloorEdge_002.FloorEdge_002
[2016.05.31-19.10.24:598][170]LogEditorFactories: Performing atomic reimport of [C:/Users/Alvin/Documents/Unreal Projects/RunawayGame/Runaway-Game/Content/Assets/Models/FloorEdge_003.FBX]
[2016.05.31-19.10.24:605][170]LogFbx: Loading FBX Scene from C:/Users/Alvin/Documents/Unreal Projects/RunawayGame/Runaway-Game/Content/Assets/Models/FloorEdge_003.FBX
[2016.05.31-19.10.24:611][170]LogFbx: FBX Scene Loaded Succesfully
[2016.05.31-19.10.24:616][170]LogStaticMesh: Building static mesh FloorEdge_003...
[2016.05.31-19.10.24:622][170]LogStaticMesh: Built static mesh [0.01s] /Game/Assets/Models/FloorEdge_003.FloorEdge_003
[2016.05.31-19.10.24:622][170]LogEditorFactories: -- imported successfully
[2016.05.31-19.10.24:624][170]LogStaticMesh: Building static mesh FloorEdge_003...
[2016.05.31-19.10.24:799][170]LogStaticMesh: Built static mesh [0.18s] /Game/Assets/Models/FloorEdge_003.FloorEdge_003
[2016.05.31-19.10.24:812][171]LogEditorFactories: Performing atomic reimport of [C:/Users/Alvin/Documents/Unreal Projects/RunawayGame/Runaway-Game/Content/Assets/Models/FloorEdge_004.FBX]
[2016.05.31-19.10.24:819][171]LogFbx: Loading FBX Scene from C:/Users/Alvin/Documents/Unreal Projects/RunawayGame/Runaway-Game/Content/Assets/Models/FloorEdge_004.FBX
[2016.05.31-19.10.24:824][171]LogFbx: FBX Scene Loaded Succesfully
[2016.05.31-19.10.24:830][171]LogStaticMesh: Building static mesh FloorEdge_004...
[2016.05.31-19.10.24:836][171]LogStaticMesh: Built static mesh [0.01s] /Game/Assets/Models/FloorEdge_004.FloorEdge_004
[2016.05.31-19.10.24:837][171]LogEditorFactories: -- imported successfully
[2016.05.31-19.10.24:839][171]LogStaticMesh: Building static mesh FloorEdge_004...
[2016.05.31-19.10.24:867][171]LogStaticMesh: Built static mesh [0.03s] /Game/Assets/Models/FloorEdge_004.FloorEdge_004
[2016.05.31-19.10.24:881][172]LogEditorFactories: Performing atomic reimport of [C:/Users/Alvin/Documents/Unreal Projects/RunawayGame/Runaway-Game/Content/Assets/Models/FloorEdge_005.FBX]
[2016.05.31-19.10.24:888][172]LogFbx: Loading FBX Scene from C:/Users/Alvin/Documents/Unreal Projects/RunawayGame/Runaway-Game/Content/Assets/Models/FloorEdge_005.FBX
[2016.05.31-19.10.24:894][172]LogFbx: FBX Scene Loaded Succesfully
[2016.05.31-19.10.24:899][172]LogStaticMesh: Building static mesh FloorEdge_005...
[2016.05.31-19.10.24:901][172]LogStaticMesh: Built static mesh [0.00s] /Game/Assets/Models/FloorEdge_005.FloorEdge_005
[2016.05.31-19.10.24:902][172]LogEditorFactories: -- imported successfully
[2016.05.31-19.10.24:904][172]LogStaticMesh: Building static mesh FloorEdge_005...
[2016.05.31-19.10.24:919][172]LogStaticMesh: Built static mesh [0.02s] /Game/Assets/Models/FloorEdge_005.FloorEdge_005
[2016.05.31-19.10.24:937][173]LogEditorFactories: Performing atomic reimport of [C:/Users/Alvin/Documents/Unreal Projects/RunawayGame/Runaway-Game/Content/Assets/Models/FloorEdge_006.FBX]
[2016.05.31-19.10.24:944][173]LogFbx: Loading FBX Scene from C:/Users/Alvin/Documents/Unreal Projects/RunawayGame/Runaway-Game/Content/Assets/Models/FloorEdge_006.FBX
[2016.05.31-19.10.24:949][173]LogFbx: FBX Scene Loaded Succesfully
[2016.05.31-19.10.24:956][173]LogStaticMesh: Building static mesh FloorEdge_006...
[2016.05.31-19.10.24:957][173]LogStaticMesh: Built static mesh [0.00s] /Game/Assets/Models/FloorEdge_006.FloorEdge_006
[2016.05.31-19.10.24:958][173]LogEditorFactories: -- imported successfully
[2016.05.31-19.10.24:960][173]LogStaticMesh: Building static mesh FloorEdge_006...
[2016.05.31-19.10.24:974][173]LogStaticMesh: Built static mesh [0.01s] /Game/Assets/Models/FloorEdge_006.FloorEdge_006
[2016.05.31-19.10.24:982][174]LogEditorFactories: Performing atomic reimport of [C:/Users/Alvin/Documents/Unreal Projects/RunawayGame/Runaway-Game/Content/Assets/Models/gallery_student_entertainment1_pg3_47.jpg]
[2016.05.31-19.10.24:982][174]LogFactory: FactoryCreateBinary: Texture2D with ReimportTextureFactory (0 0 C:/Users/Alvin/Documents/Unreal Projects/RunawayGame/Runaway-Game/Content/Assets/Models/gallery_student_entertainment1_pg3_47.jpg)
[2016.05.31-19.10.25:471][174]LogEditorFactories: -- imported successfully
[2016.05.31-19.10.25:576][175]LogSavePackage: Save=19.93ms
[2016.05.31-19.10.25:576][175]LogSavePackage: Moving '../../../../../../Users/Alvin/Documents/Unreal Projects/RunawayGame/Runaway-Game/Saved/Building_InsertPipe00160E1ACB0449F9B8D06475CAD92EA314E.tmp' to '../../../../../../Users/Alvin/Documents/Unreal Projects/RunawayGame/Runaway-Game/Content/Assets/Models/Building_InsertPipe001.uasset'
[2016.05.31-19.10.25:589][175]LogSavePackage: Total save time: 44.05ms
[2016.05.31-19.10.25:589][175]LogSavePackage:Display: Finished SavePackage ../../../../../../Users/Alvin/Documents/Unreal Projects/RunawayGame/Runaway-Game/Content/Assets/Models/Building_InsertPipe001.uasset
[2016.05.31-19.10.25:642][175]LogSavePackage: Save=19.40ms
[2016.05.31-19.10.25:642][175]LogSavePackage: Moving '../../../../../../Users/Alvin/Documents/Unreal Projects/RunawayGame/Runaway-Game/Saved/Building_Upper00250E14193427BB752BF8084899E951633.tmp' to '../../../../../../Users/Alvin/Documents/Unreal Projects/RunawayGame/Runaway-Game/Content/Assets/Models/Building_Upper002.uasset'
[2016.05.31-19.10.25:646][175]LogSavePackage: Total save time: 31.10ms
[2016.05.31-19.10.25:646][175]LogSavePackage:Display: Finished SavePackage ../../../../../../Users/Alvin/Documents/Unreal Projects/RunawayGame/Runaway-Game/Content/Assets/Models/Building_Upper002.uasset
[2016.05.31-19.10.25:692][175]LogSavePackage: Save=17.74ms
[2016.05.31-19.10.25:692][175]LogSavePackage: Moving '../../../../../../Users/Alvin/Documents/Unreal Projects/RunawayGame/Runaway-Game/Saved/FloorEdgeC_00103CCBED342666F166BC2D095864CD97D.tmp' to '../../../../../../Users/Alvin/Documents/Unreal Projects/RunawayGame/Runaway-Game/Content/Assets/Models/FloorEdgeC_001.uasset'
[2016.05.31-19.10.25:697][175]LogSavePackage: Total save time: 28.25ms
[2016.05.31-19.10.25:697][175]LogSavePackage:Display: Finished SavePackage ../../../../../../Users/Alvin/Documents/Unreal Projects/RunawayGame/Runaway-Game/Content/Assets/Models/FloorEdgeC_001.uasset
[2016.05.31-19.10.25:742][175]LogSavePackage: Save=17.49ms
[2016.05.31-19.10.25:742][175]LogSavePackage: Moving '../../../../../../Users/Alvin/Documents/Unreal Projects/RunawayGame/Runaway-Game/Saved/FloorEdgeC_002D7F86D4F46C44540FF4493AB45BE9AC7.tmp' to '../../../../../../Users/Alvin/Documents/Unreal Projects/RunawayGame/Runaway-Game/Content/Assets/Models/FloorEdgeC_002.uasset'
[2016.05.31-19.10.25:746][175]LogSavePackage: Total save time: 27.26ms
[2016.05.31-19.10.25:746][175]LogSavePackage:Display: Finished SavePackage ../../../../../../Users/Alvin/Documents/Unreal Projects/RunawayGame/Runaway-Game/Content/Assets/Models/FloorEdgeC_002.uasset
[2016.05.31-19.10.25:787][175]LogSavePackage: Save=14.72ms
[2016.05.31-19.10.25:787][175]LogSavePackage: Moving '../../../../../../Users/Alvin/Documents/Unreal Projects/RunawayGame/Runaway-Game/Saved/FloorEdgeC_003D7459A5C43EF0E63A2BB3C87F0F9AF3A.tmp' to '../../../../../../Users/Alvin/Documents/Unreal Projects/RunawayGame/Runaway-Game/Content/Assets/Models/FloorEdgeC_003.uasset'
[2016.05.31-19.10.25:792][175]LogSavePackage: Total save time: 24.78ms
[2016.05.31-19.10.25:792][175]LogSavePackage:Display: Finished SavePackage ../../../../../../Users/Alvin/Documents/Unreal Projects/RunawayGame/Runaway-Game/Content/Assets/Models/FloorEdgeC_003.uasset
[2016.05.31-19.10.25:833][175]LogSavePackage: Save=14.97ms
[2016.05.31-19.10.25:833][175]LogSavePackage: Moving '../../../../../../Users/Alvin/Documents/Unreal Projects/RunawayGame/Runaway-Game/Saved/FloorEdge_0018E80151B43A8E606C87B40A9E6259B28.tmp' to '../../../../../../Users/Alvin/Documents/Unreal Projects/RunawayGame/Runaway-Game/Content/Assets/Models/FloorEdge_001.uasset'
[2016.05.31-19.10.25:836][175]LogSavePackage: Total save time: 22.33ms
[2016.05.31-19.10.25:836][175]LogSavePackage:Display: Finished SavePackage ../../../../../../Users/Alvin/Documents/Unreal Projects/RunawayGame/Runaway-Game/Content/Assets/Models/FloorEdge_001.uasset
[2016.05.31-19.10.25:874][175]LogSavePackage: Save=14.32ms
[2016.05.31-19.10.25:874][175]LogSavePackage: Moving '../../../../../../Users/Alvin/Documents/Unreal Projects/RunawayGame/Runaway-Game/Saved/FloorEdge_002C258F98F41BB9B08E785E1BD6713429B.tmp' to '../../../../../../Users/Alvin/Documents/Unreal Projects/RunawayGame/Runaway-Game/Content/Assets/Models/FloorEdge_002.uasset'
[2016.05.31-19.10.25:876][175]LogSavePackage: Total save time: 21.85ms
[2016.05.31-19.10.25:876][175]LogSavePackage:Display: Finished SavePackage ../../../../../../Users/Alvin/Documents/Unreal Projects/RunawayGame/Runaway-Game/Content/Assets/Models/FloorEdge_002.uasset
[2016.05.31-19.10.25:913][175]LogSavePackage: Save=15.06ms
[2016.05.31-19.10.25:913][175]LogSavePackage: Moving '../../../../../../Users/Alvin/Documents/Unreal Projects/RunawayGame/Runaway-Game/Saved/FloorEdge_00301EE144E49CC8A99B3F81BA10EF7D12F.tmp' to '../../../../../../Users/Alvin/Documents/Unreal Projects/RunawayGame/Runaway-Game/Content/Assets/Models/FloorEdge_003.uasset'
[2016.05.31-19.10.25:916][175]LogSavePackage: Total save time: 22.73ms
[2016.05.31-19.10.25:916][175]LogSavePackage:Display: Finished SavePackage ../../../../../../Users/Alvin/Documents/Unreal Projects/RunawayGame/Runaway-Game/Content/Assets/Models/FloorEdge_003.uasset
[2016.05.31-19.10.25:954][175]LogSavePackage: Save=14.62ms
[2016.05.31-19.10.25:954][175]LogSavePackage: Moving '../../../../../../Users/Alvin/Documents/Unreal Projects/RunawayGame/Runaway-Game/Saved/FloorEdge_004429500224EDEB585DCD75E87AC8133F0.tmp' to '../../../../../../Users/Alvin/Documents/Unreal Projects/RunawayGame/Runaway-Game/Content/Assets/Models/FloorEdge_004.uasset'
[2016.05.31-19.10.25:958][175]LogSavePackage: Total save time: 23.81ms
[2016.05.31-19.10.25:958][175]LogSavePackage:Display: Finished SavePackage ../../../../../../Users/Alvin/Documents/Unreal Projects/RunawayGame/Runaway-Game/Content/Assets/Models/FloorEdge_004.uasset
[2016.05.31-19.10.26:013][175]LogSavePackage: Save=19.06ms
[2016.05.31-19.10.26:013][175]LogSavePackage: Moving '../../../../../../Users/Alvin/Documents/Unreal Projects/RunawayGame/Runaway-Game/Saved/FloorEdge_0057A1816C24D847AE50EDDD1BE701AE685.tmp' to '../../../../../../Users/Alvin/Documents/Unreal Projects/RunawayGame/Runaway-Game/Content/Assets/Models/FloorEdge_005.uasset'
[2016.05.31-19.10.26:018][175]LogSavePackage: Total save time: 31.06ms
[2016.05.31-19.10.26:018][175]LogSavePackage:Display: Finished SavePackage ../../../../../../Users/Alvin/Documents/Unreal Projects/RunawayGame/Runaway-Game/Content/Assets/Models/FloorEdge_005.uasset
[2016.05.31-19.10.26:067][175]LogSavePackage: Save=20.56ms
[2016.05.31-19.10.26:067][175]LogSavePackage: Moving '../../../../../../Users/Alvin/Documents/Unreal Projects/RunawayGame/Runaway-Game/Saved/FloorEdge_006BDB846E9478E3C7E2F399E937EB06025.tmp' to '../../../../../../Users/Alvin/Documents/Unreal Projects/RunawayGame/Runaway-Game/Content/Assets/Models/FloorEdge_006.uasset'
[2016.05.31-19.10.26:071][175]LogSavePackage: Total save time: 31.86ms
[2016.05.31-19.10.26:071][175]LogSavePackage:Display: Finished SavePackage ../../../../../../Users/Alvin/Documents/Unreal Projects/RunawayGame/Runaway-Game/Content/Assets/Models/FloorEdge_006.uasset
[2016.05.31-19.10.26:222][175]LogSavePackage: Save=126.88ms
[2016.05.31-19.10.26:222][175]LogSavePackage: Moving '../../../../../../Users/Alvin/Documents/Unreal Projects/RunawayGame/Runaway-Game/Saved/gallery_student_entertainment1_pg3_47F71944E347ED4C3D2D7BF09799B6FE1B.tmp' to '../../../../../../Users/Alvin/Documents/Unreal Projects/RunawayGame/Runaway-Game/Content/Assets/Models/gallery_student_entertainment1_pg3_47.uasset'
[2016.05.31-19.10.26:226][175]LogSavePackage: Total save time: 139.44ms
[2016.05.31-19.10.26:226][175]LogSavePackage:Display: Finished SavePackage ../../../../../../Users/Alvin/Documents/Unreal Projects/RunawayGame/Runaway-Game/Content/Assets/Models/gallery_student_entertainment1_pg3_47.uasset
[2016.05.31-19.10.29:227][355]AssetReimport: Info Reimported asset Building_InsertPipe001 from C:/Users/Alvin/Documents/Unreal Projects/RunawayGame/Runaway-Game/Content/Assets/Models/Building_InsertPipe001.FBX.
[2016.05.31-19.10.29:227][355]AssetReimport: Info Reimported asset Building_Upper002 from C:/Users/Alvin/Documents/Unreal Projects/RunawayGame/Runaway-Game/Content/Assets/Models/Building_Upper002.FBX.
[2016.05.31-19.10.29:227][355]AssetReimport: Info Reimported asset FloorEdgeC_001 from C:/Users/Alvin/Documents/Unreal Projects/RunawayGame/Runaway-Game/Content/Assets/Models/FloorEdgeC_001.FBX.
[2016.05.31-19.10.29:227][355]AssetReimport: Info Reimported asset FloorEdgeC_002 from C:/Users/Alvin/Documents/Unreal Projects/RunawayGame/Runaway-Game/Content/Assets/Models/FloorEdgeC_002.FBX.
[2016.05.31-19.10.29:227][355]AssetReimport: Info Reimported asset FloorEdgeC_003 from C:/Users/Alvin/Documents/Unreal Projects/RunawayGame/Runaway-Game/Content/Assets/Models/FloorEdgeC_003.FBX.
[2016.05.31-19.10.29:227][355]AssetReimport: Info Reimported asset FloorEdge_001 from C:/Users/Alvin/Documents/Unreal Projects/RunawayGame/Runaway-Game/Content/Assets/Models/FloorEdge_001.FBX.
[2016.05.31-19.10.29:227][355]AssetReimport: Info Reimported asset FloorEdge_002 from C:/Users/Alvin/Documents/Unreal Projects/RunawayGame/Runaway-Game/Content/Assets/Models/FloorEdge_002.FBX.
[2016.05.31-19.10.29:227][355]AssetReimport: Info Reimported asset FloorEdge_003 from C:/Users/Alvin/Documents/Unreal Projects/RunawayGame/Runaway-Game/Content/Assets/Models/FloorEdge_003.FBX.
[2016.05.31-19.10.29:228][355]AssetReimport: Info Reimported asset FloorEdge_004 from C:/Users/Alvin/Documents/Unreal Projects/RunawayGame/Runaway-Game/Content/Assets/Models/FloorEdge_004.FBX.
[2016.05.31-19.10.29:228][355]AssetReimport: Info Reimported asset FloorEdge_005 from C:/Users/Alvin/Documents/Unreal Projects/RunawayGame/Runaway-Game/Content/Assets/Models/FloorEdge_005.FBX.
[2016.05.31-19.10.29:228][355]AssetReimport: Info Reimported asset FloorEdge_006 from C:/Users/Alvin/Documents/Unreal Projects/RunawayGame/Runaway-Game/Content/Assets/Models/FloorEdge_006.FBX.
[2016.05.31-19.10.29:228][355]AssetReimport: Info Reimported asset gallery_student_entertainment1_pg3_47 from C:/Users/Alvin/Documents/Unreal Projects/RunawayGame/Runaway-Game/Content/Assets/Models/gallery_student_entertainment1_pg3_47.jpg.
[2016.05.31-19.10.31:892][483]LogAIModule: Creating AISystem for world RunawayMap
[2016.05.31-19.10.31:923][483]Cmd: MAP LOAD FILE="../../../../../../Users/Alvin/Documents/Unreal Projects/RunawayGame/Runaway-Game/Content/Maps/RunawayMap.umap" TEMPLATE=0 SHOWPROGRESS=1 FEATURELEVEL=3
[2016.05.31-19.10.31:923][483]LightingResults: New page: Lighting Build
[2016.05.31-19.10.31:926][483]LogContentBrowser: Native class hierarchy updated for 'StatsViewer' in 0.0003 seconds. Added 5 classes and 0 folders.
[2016.05.31-19.10.31:948][483]LoadErrors: New page: Loading map: RunawayMap.umap
[2016.05.31-19.10.31:948][483]MapCheck: New page: Map Check
[2016.05.31-19.10.31:948][483]LightingResults: New page: Lighting Build
[2016.05.31-19.10.31:960][483]LogPhysics:Warning: AddConvexElemsToRigidActor: [/Game/Assets/Models/FloorEdge_004.FloorEdge_004] ConvexElem[1] invalid
[2016.05.31-19.10.32:006][483]LogEditorServer: Finished looking for orphan Actors (0.000 secs)
[2016.05.31-19.10.32:037][483]Cmd: MAP CHECKDEP NOCLEARLOG
[2016.05.31-19.10.32:087][483]MapCheck: Info Map check complete: 0 Error(s), 0 Warning(s), took 49.707ms to complete.
[2016.05.31-19.10.32:087][483]LogFileHelpers: Loading map 'RunawayMap' took 0.165
[2016.05.31-19.10.39:687][926]LogEditorViewport: Clicking on Actor (LMB): StaticMeshActor (FloorEdge_001)
[2016.05.31-19.10.41:457][  3]LogRenderer: Reallocating scene render targets to support 1220x764 (Frame:1136).
[2016.05.31-19.10.51:062][514]LogWindowsTextInputMethodSystem:Display: IME system now deactivated.
[2016.05.31-19.10.51:063][514]LogWindowsTextInputMethodSystem:Display: IME system now deactivated.
[2016.05.31-19.10.51:280][515]Cmd: QUIT_EDITOR
[2016.05.31-19.10.51:378][515]LogExit: Preparing to exit.
[2016.05.31-19.10.51:742][515]LogExit: Editor shut down
[2016.05.31-19.10.51:742][515]LogExit: Transaction tracking system shut down
[2016.05.31-19.10.51:852][515]LogObj: Freed 0b from 0 cluster array pools.
[2016.05.31-19.10.51:852][515]LogExit: Object subsystem successfully closed.
[2016.05.31-19.10.51:868][515]LogD3D11RHI: Shutdown
[2016.05.31-19.10.51:868][515]LogD3D11RHI: CleanupD3DDevice
[2016.05.31-19.10.51:938][515]LogD3D11RHI: ~FD3D11DynamicRHI
[2016.05.31-19.10.52:389][515]LogDerivedDataCache: Shutdown
[2016.05.31-19.10.52:389][515]LogModuleManager: Shutting down and abandoning module StaticMeshEditor (204)
[2016.05.31-19.10.52:389][515]LogModuleManager: Shutting down and abandoning module StatsViewer (203)
[2016.05.31-19.10.52:389][515]LogModuleManager: Shutting down and abandoning module HierarchicalLODOutliner (202)
[2016.05.31-19.10.52:389][515]LogModuleManager: Shutting down and abandoning module CrashTracker (201)
[2016.05.31-19.10.52:389][515]LogModuleManager: Shutting down and abandoning module SceneOutliner (200)
[2016.05.31-19.10.52:389][515]LogModuleManager: Shutting down and abandoning module SuperSearch (199)
[2016.05.31-19.10.52:389][515]LogModuleManager: Shutting down and abandoning module WidgetCarousel (198)
[2016.05.31-19.10.52:389][515]LogModuleManager: Shutting down and abandoning module AddContentDialog (197)
[2016.05.31-19.10.52:390][515]LogModuleManager: Shutting down and abandoning module GameplayTags (196)
[2016.05.31-19.10.52:390][515]LogModuleManager: Shutting down and abandoning module EditorWidgets (195)
[2016.05.31-19.10.52:390][515]LogModuleManager: Shutting down and abandoning module CollectionManager (194)
[2016.05.31-19.10.52:391][515]LogModuleManager: Shutting down and abandoning module FoliageEdit (193)
[2016.05.31-19.10.52:391][515]LogModuleManager: Shutting down and abandoning module LandscapeEditor (192)
[2016.05.31-19.10.52:391][515]LogModuleManager: Shutting down and abandoning module ActorPickerMode (191)
[2016.05.31-19.10.52:391][515]LogModuleManager: Shutting down and abandoning module GeometryMode (190)
[2016.05.31-19.10.52:391][515]LogModuleManager: Shutting down and abandoning module TextureAlignMode (189)
[2016.05.31-19.10.52:391][515]LogModuleManager: Shutting down and abandoning module BspMode (188)
[2016.05.31-19.10.52:391][515]LogModuleManager: Shutting down and abandoning module PlacementMode (187)
[2016.05.31-19.10.52:391][515]LogModuleManager: Shutting down and abandoning module AutomationWorker (186)
[2016.05.31-19.10.52:391][515]LogModuleManager: Shutting down and abandoning module CharacterAI (185)
[2016.05.31-19.10.52:391][515]LogModuleManager: Shutting down and abandoning module SmartSnapping (184)
[2016.05.31-19.10.52:391][515]LogModuleManager: Shutting down and abandoning module ViewportSnapping (183)
[2016.05.31-19.10.52:391][515]LogModuleManager: Shutting down and abandoning module LogVisualizer (182)
[2016.05.31-19.10.52:391][515]LogModuleManager: Shutting down and abandoning module GameProjectGeneration (181)
[2016.05.31-19.10.52:391][515]LogModuleManager: Shutting down and abandoning module IntroTutorials (180)
[2016.05.31-19.10.52:391][515]LogModuleManager: Shutting down and abandoning module EditorLiveStreaming (179)
[2016.05.31-19.10.52:391][515]LogModuleManager: Shutting down and abandoning module IOSPlatformEditor (178)
[2016.05.31-19.10.52:391][515]LogModuleManager: Shutting down and abandoning module HTML5PlatformEditor (177)
[2016.05.31-19.10.52:391][515]LogModuleManager: Shutting down and abandoning module AndroidDeviceDetection (176)
[2016.05.31-19.10.53:369][515]LogModuleManager: Shutting down and abandoning module AndroidPlatformEditor (175)
[2016.05.31-19.10.53:369][515]LogModuleManager: Shutting down and abandoning module IOSRuntimeSettings (174)
[2016.05.31-19.10.53:369][515]LogModuleManager: Shutting down and abandoning module AndroidRuntimeSettings (173)
[2016.05.31-19.10.53:369][515]LogModuleManager: Shutting down and abandoning module MergeActors (172)
[2016.05.31-19.10.53:369][515]LogModuleManager: Shutting down and abandoning module SizeMap (171)
[2016.05.31-19.10.53:369][515]LogModuleManager: Shutting down and abandoning module TreeMap (170)
[2016.05.31-19.10.53:369][515]LogModuleManager: Shutting down and abandoning module ReferenceViewer (169)
[2016.05.31-19.10.53:369][515]LogModuleManager: Shutting down and abandoning module LocalizationService (168)
[2016.05.31-19.10.53:369][515]LogModuleManager: Shutting down and abandoning module LocalizationDashboard (167)
[2016.05.31-19.10.53:369][515]LogModuleManager: Shutting down and abandoning module HardwareTargeting (166)
[2016.05.31-19.10.53:369][515]LogModuleManager: Shutting down and abandoning module DeviceProfileEditor (165)
[2016.05.31-19.10.53:369][515]LogModuleManager: Shutting down and abandoning module UndoHistory (164)
[2016.05.31-19.10.53:369][515]LogModuleManager: Shutting down and abandoning module UserFeedback (163)
[2016.05.31-19.10.53:369][515]LogModuleManager: Shutting down and abandoning module XmlParser (162)
[2016.05.31-19.10.53:369][515]LogModuleManager: Shutting down and abandoning module Blutility (161)
[2016.05.31-19.10.53:369][515]LogModuleManager: Shutting down and abandoning module ProjectTargetPlatformEditor (160)
[2016.05.31-19.10.53:369][515]LogModuleManager: Shutting down and abandoning module ProjectSettingsViewer (159)
[2016.05.31-19.10.53:370][515]LogModuleManager: Shutting down and abandoning module InputBindingEditor (158)
[2016.05.31-19.10.53:370][515]LogModuleManager: Shutting down and abandoning module EditorSettingsViewer (157)
[2016.05.31-19.10.53:370][515]LogModuleManager: Shutting down and abandoning module SettingsEditor (156)
[2016.05.31-19.10.53:370][515]LogModuleManager: Shutting down and abandoning module ProjectLauncher (155)
[2016.05.31-19.10.53:370][515]LogModuleManager: Shutting down and abandoning module SessionFrontend (154)
[2016.05.31-19.10.53:370][515]LogModuleManager: Shutting down and abandoning module ProfilerClient (153)
[2016.05.31-19.10.53:370][515]LogModuleManager: Shutting down and abandoning module TargetDeviceServices (152)
[2016.05.31-19.10.53:370][515]LogModuleManager: Shutting down and abandoning module DeviceManager (151)
[2016.05.31-19.10.53:401][515]LogModuleManager: Shutting down and abandoning module AutomationController (150)
[2016.05.31-19.10.53:401][515]LogModuleManager: Shutting down and abandoning module AutomationWindow (149)
[2016.05.31-19.10.53:401][515]LogModuleManager: Shutting down and abandoning module Layers (148)
[2016.05.31-19.10.53:401][515]LogModuleManager: Shutting down and abandoning module ComponentVisualizers (147)
[2016.05.31-19.10.53:401][515]LogModuleManager: Shutting down and abandoning module DetailCustomizations (146)
[2016.05.31-19.10.53:401][515]LogModuleManager: Shutting down and abandoning module PackagesDialog (145)
[2016.05.31-19.10.53:401][515]LogModuleManager: Shutting down and abandoning module Persona (144)
[2016.05.31-19.10.53:401][515]LogModuleManager: Shutting down and abandoning module Kismet (143)
[2016.05.31-19.10.53:401][515]LogModuleManager: Shutting down and abandoning module GraphEditor (142)
[2016.05.31-19.10.53:401][515]LogModuleManager: Shutting down and abandoning module ClassViewer (141)
[2016.05.31-19.10.53:401][515]LogModuleManager: Shutting down and abandoning module Toolbox (140)
[2016.05.31-19.10.53:401][515]LogModuleManager: Shutting down and abandoning module ModuleUI (139)
[2016.05.31-19.10.53:402][515]LogModuleManager: Shutting down and abandoning module MovieSceneTools (138)
[2016.05.31-19.10.53:402][515]LogModuleManager: Shutting down and abandoning module OutputLog (137)
[2016.05.31-19.10.53:402][515]LogModuleManager: Shutting down and abandoning module GammaUI (136)
[2016.05.31-19.10.53:402][515]LogModuleManager: Shutting down and abandoning module Documentation (135)
[2016.05.31-19.10.53:402][515]LogModuleManager: Shutting down and abandoning module StreamingPauseRendering (134)
[2016.05.31-19.10.53:402][515]LogModuleManager: Shutting down and abandoning module AnalyticsET (133)
[2016.05.31-19.10.53:402][515]LogModuleManager: Shutting down and abandoning module Analytics (132)
[2016.05.31-19.10.53:402][515]LogModuleManager: Shutting down and abandoning module PortalServices (131)
[2016.05.31-19.10.53:402][515]LogModuleManager: Shutting down and abandoning module PortalRpc (130)
[2016.05.31-19.10.53:402][515]LogModuleManager: Shutting down and abandoning module MessagingRpc (129)
[2016.05.31-19.10.53:402][515]LogModuleManager: Shutting down and abandoning module AITestSuite (128)
[2016.05.31-19.10.53:402][515]LogModuleManager: Shutting down and abandoning module GameplayDebugger (127)
[2016.05.31-19.10.53:402][515]LogModuleManager: Shutting down and abandoning module AIModule (126)
[2016.05.31-19.10.53:402][515]LogModuleManager: Shutting down and abandoning module ProfilerService (125)
[2016.05.31-19.10.53:536][515]LogModuleManager: Shutting down and abandoning module TaskGraph (124)
[2016.05.31-19.10.53:536][515]LogModuleManager: Shutting down and abandoning module SlateRemote (123)
[2016.05.31-19.10.53:536][515]LogModuleManager: Shutting down and abandoning module SteamVRController (122)
[2016.05.31-19.10.53:536][515]LogModuleManager: Shutting down and abandoning module SteamVR (121)
[2016.05.31-19.10.53:536][515]LogModuleManager: Shutting down and abandoning module ProceduralMeshComponent (120)
[2016.05.31-19.10.53:536][515]LogModuleManager: Shutting down and abandoning module OculusLibrary (119)
[2016.05.31-19.10.53:536][515]LogModuleManager: Shutting down and abandoning module OculusInput (118)
[2016.05.31-19.10.53:536][515]LogModuleManager: Shutting down and abandoning module CustomMeshComponent (117)
[2016.05.31-19.10.53:536][515]LogModuleManager: Shutting down and abandoning module CableComponent (116)
[2016.05.31-19.10.53:536][515]LogModuleManager: Shutting down and abandoning module ArchVisCharacter (115)
[2016.05.31-19.10.53:536][515]LogModuleManager: Shutting down and abandoning module MediaPlayerEditor (114)
[2016.05.31-19.10.53:536][515]LogModuleManager: Shutting down and abandoning module HTML5Networking (113)
[2016.05.31-19.10.53:536][515]LogModuleManager: Shutting down and abandoning module SpeedTreeImporter (112)
[2016.05.31-19.10.53:536][515]LogModuleManager: Shutting down and abandoning module PluginBrowser (111)
[2016.05.31-19.10.53:536][515]LogModuleManager: Shutting down and abandoning module EpicSurvey (110)
[2016.05.31-19.10.53:536][515]LogModuleManager: Shutting down and abandoning module DesktopPlatform (109)
[2016.05.31-19.10.53:536][515]LogModuleManager: Shutting down and abandoning module VisualStudioSourceCodeAccess (108)
[2016.05.31-19.10.53:536][515]LogModuleManager: Shutting down and abandoning module UObjectPlugin (107)
[2016.05.31-19.10.53:536][515]LogModuleManager: Shutting down and abandoning module SubversionSourceControl (106)
[2016.05.31-19.10.53:536][515]LogModuleManager: Shutting down and abandoning module PerforceSourceControl (105)
[2016.05.31-19.10.53:536][515]LogModuleManager: Shutting down and abandoning module SourceControl (104)
[2016.05.31-19.10.53:536][515]LogModuleManager: Shutting down and abandoning module GitSourceControl (103)
[2016.05.31-19.10.53:537][515]LogModuleManager: Shutting down and abandoning module LightPropagationVolumeEditor (102)
[2016.05.31-19.10.53:537][515]LogModuleManager: Shutting down and abandoning module PaperTiledImporter (101)
[2016.05.31-19.10.53:537][515]LogModuleManager: Shutting down and abandoning module PaperSpriteSheetImporter (100)
[2016.05.31-19.10.53:537][515]LogModuleManager: Shutting down and abandoning module MeshPaint (99)
[2016.05.31-19.10.53:537][515]LogModuleManager: Shutting down and abandoning module HotReload (98)
[2016.05.31-19.10.53:537][515]LogModuleManager: Shutting down and abandoning module MainFrame (97)
[2016.05.31-19.10.53:537][515]LogModuleManager: Shutting down and abandoning module LevelEditor (96)
[2016.05.31-19.10.53:538][515]LogModuleManager: Shutting down and abandoning module DirectoryWatcher (95)
[2016.05.31-19.10.53:538][515]LogModuleManager: Shutting down and abandoning module AssetRegistry (94)
[2016.05.31-19.10.53:596][515]LogModuleManager: Shutting down and abandoning module ContentBrowser (93)
[2016.05.31-19.10.53:596][515]LogModuleManager: Shutting down and abandoning module Paper2DEditor (92)
[2016.05.31-19.10.53:596][515]LogModuleManager: Shutting down and abandoning module UdpMessaging (91)
[2016.05.31-19.10.53:697][515]LogModuleManager: Shutting down and abandoning module LightPropagationVolumeRuntime (90)
[2016.05.31-19.10.53:697][515]LogModuleManager: Shutting down and abandoning module Paper2D (89)
[2016.05.31-19.10.53:697][515]LogModuleManager: Shutting down and abandoning module WindowsMoviePlayer (88)
[2016.05.31-19.10.53:697][515]LogModuleManager: Shutting down and abandoning module Media (87)
[2016.05.31-19.10.53:697][515]LogModuleManager: Shutting down and abandoning module WmfMedia (86)
[2016.05.31-19.10.53:697][515]LogModuleManager: Shutting down and abandoning module GameLiveStreaming (85)
[2016.05.31-19.10.53:697][515]LogModuleManager: Shutting down and abandoning module GameplayTagsEditor (84)
[2016.05.31-19.10.53:697][515]LogModuleManager: Shutting down and abandoning module OnlineBlueprintSupport (83)
[2016.05.31-19.10.53:697][515]LogModuleManager: Shutting down and abandoning module GameplayTasksEditor (82)
[2016.05.31-19.10.53:697][515]LogModuleManager: Shutting down and abandoning module PropertyEditor (81)
[2016.05.31-19.10.53:697][515]LogModuleManager: Shutting down and abandoning module BehaviorTreeEditor (80)
[2016.05.31-19.10.53:697][515]LogModuleManager: Shutting down and abandoning module FunctionalTesting (79)
[2016.05.31-19.10.53:697][515]LogModuleManager: Shutting down and abandoning module CollisionAnalyzer (78)
[2016.05.31-19.10.53:697][515]LogModuleManager: Shutting down and abandoning module WorkspaceMenuStructure (77)
[2016.05.31-19.10.53:697][515]LogModuleManager: Shutting down and abandoning module MessageLog (76)
[2016.05.31-19.10.53:697][515]LogModuleManager: Shutting down and abandoning module Sequencer (75)
[2016.05.31-19.10.53:697][515]LogModuleManager: Shutting down and abandoning module AssetTools (74)
[2016.05.31-19.10.53:697][515]LogModuleManager: Shutting down and abandoning module UMGEditor (73)
[2016.05.31-19.10.53:697][515]LogModuleManager: Shutting down and abandoning module UMG (72)
[2016.05.31-19.10.53:697][515]LogModuleManager: Shutting down and abandoning module SlateReflector (71)
[2016.05.31-19.10.53:697][515]LogModuleManager: Shutting down and abandoning module Slate (70)
[2016.05.31-19.10.53:697][515]LogModuleManager: Shutting down and abandoning module EditorStyle (69)
[2016.05.31-19.10.53:699][515]LogModuleManager: Shutting down and abandoning module SessionServices (68)
[2016.05.31-19.10.53:699][515]LogModuleManager: Shutting down and abandoning module SourceCodeAccess (67)
[2016.05.31-19.10.53:699][515]LogModuleManager: Shutting down and abandoning module HeadMountedDisplay (66)
[2016.05.31-19.10.53:699][515]LogModuleManager: Shutting down and abandoning module XAudio2 (65)
[2016.05.31-19.10.53:699][515]LogModuleManager: Shutting down and abandoning module Networking (63)
[2016.05.31-19.10.53:699][515]LogModuleManager: Shutting down and abandoning module Core (62)
[2016.05.31-19.10.53:699][515]LogModuleManager: Shutting down and abandoning module KismetCompiler (61)
[2016.05.31-19.10.53:699][515]LogModuleManager: Shutting down and abandoning module PhysXFormats (60)
[2016.05.31-19.10.53:699][515]LogModuleManager: Shutting down and abandoning module MeshUtilities (59)
[2016.05.31-19.10.53:699][515]LogModuleManager: Shutting down and abandoning module CookingStats (58)
[2016.05.31-19.10.53:699][515]LogModuleManager: Shutting down and abandoning module DerivedDataCache (57)
[2016.05.31-19.10.53:699][515]LogDerivedDataCache: Shutdown
[2016.05.31-19.10.53:699][515]LogModuleManager: Shutting down and abandoning module ShaderFormatOpenGL (56)
[2016.05.31-19.10.53:699][515]LogModuleManager: Shutting down and abandoning module ShaderFormatD3D (55)
[2016.05.31-19.10.53:699][515]LogModuleManager: Shutting down and abandoning module MetalShaderFormat (54)
[2016.05.31-19.10.53:699][515]LogModuleManager: Shutting down and abandoning module TextureFormatUncompressed (53)
[2016.05.31-19.10.53:699][515]LogModuleManager: Shutting down and abandoning module TextureFormatPVR (52)
[2016.05.31-19.10.53:699][515]LogModuleManager: Shutting down and abandoning module TextureFormatIntelISPCTexComp (51)
[2016.05.31-19.10.53:699][515]LogModuleManager: Shutting down and abandoning module TextureFormatDXT (50)
[2016.05.31-19.10.53:699][515]LogModuleManager: Shutting down and abandoning module ImageWrapper (49)
[2016.05.31-19.10.53:699][515]LogModuleManager: Shutting down and abandoning module TextureFormatASTC (48)
[2016.05.31-19.10.53:699][515]LogModuleManager: Shutting down and abandoning module TextureFormatAndroid (47)
[2016.05.31-19.10.53:699][515]LogModuleManager: Shutting down and abandoning module AudioFormatOpus (46)
[2016.05.31-19.10.53:699][515]LogModuleManager: Shutting down and abandoning module AudioFormatOgg (45)
[2016.05.31-19.10.53:699][515]LogModuleManager: Shutting down and abandoning module AudioFormatADPCM (44)
[2016.05.31-19.10.53:699][515]LogModuleManager: Shutting down and abandoning module LinuxTargetPlatform (43)
[2016.05.31-19.10.53:699][515]LogModuleManager: Shutting down and abandoning module LinuxServerTargetPlatform (42)
[2016.05.31-19.10.53:699][515]LogModuleManager: Shutting down and abandoning module LinuxNoEditorTargetPlatform (41)
[2016.05.31-19.10.53:699][515]LogModuleManager: Shutting down and abandoning module TVOSTargetPlatform (40)
[2016.05.31-19.10.53:699][515]LogModuleManager: Shutting down and abandoning module Messaging (39)
[2016.05.31-19.10.53:699][515]LogModuleManager: Shutting down and abandoning module IOSTargetPlatform (38)
[2016.05.31-19.10.53:699][515]LogModuleManager: Shutting down and abandoning module HTML5TargetPlatform (37)
[2016.05.31-19.10.53:699][515]LogModuleManager: Shutting down and abandoning module Android_PVRTCTargetPlatform (36)
[2016.05.31-19.10.53:699][515]LogModuleManager: Shutting down and abandoning module Android_MultiTargetPlatform (35)
[2016.05.31-19.10.53:699][515]LogModuleManager: Shutting down and abandoning module Android_ETC2TargetPlatform (34)
[2016.05.31-19.10.53:699][515]LogModuleManager: Shutting down and abandoning module Android_ETC1TargetPlatform (33)
[2016.05.31-19.10.53:700][515]LogModuleManager: Shutting down and abandoning module Android_DXTTargetPlatform (32)
[2016.05.31-19.10.53:700][515]LogModuleManager: Shutting down and abandoning module Android_ATCTargetPlatform (31)
[2016.05.31-19.10.53:700][515]LogModuleManager: Shutting down and abandoning module Android_ASTCTargetPlatform (30)
[2016.05.31-19.10.53:700][515]LogModuleManager: Shutting down and abandoning module AndroidTargetPlatform (29)
[2016.05.31-19.10.53:700][515]LogModuleManager: Shutting down and abandoning module WindowsTargetPlatform (28)
[2016.05.31-19.10.53:700][515]LogModuleManager: Shutting down and abandoning module WindowsServerTargetPlatform (27)
[2016.05.31-19.10.53:700][515]LogModuleManager: Shutting down and abandoning module WindowsNoEditorTargetPlatform (26)
[2016.05.31-19.10.53:700][515]LogModuleManager: Shutting down and abandoning module WindowsClientTargetPlatform (25)
[2016.05.31-19.10.53:700][515]LogModuleManager: Shutting down and abandoning module AllDesktopTargetPlatform (24)
[2016.05.31-19.10.53:700][515]LogModuleManager: Shutting down and abandoning module TargetPlatform (23)
[2016.05.31-19.10.53:700][515]LogModuleManager: Shutting down and abandoning module InputCore (22)
[2016.05.31-19.10.53:700][515]LogModuleManager: Shutting down and abandoning module Settings (21)
[2016.05.31-19.10.53:700][515]LogModuleManager: Shutting down and abandoning module OnlineSubsystem (19)
[2016.05.31-19.10.53:700][515]LogModuleManager: Shutting down and abandoning module HTTP (18)
[2016.05.31-19.10.54:701][515]LogModuleManager: Shutting down and abandoning module XMPP (17)
[2016.05.31-19.10.54:701][515]LogModuleManager: Shutting down and abandoning module OculusRift (16)
[2016.05.31-19.10.54:701][515]LogModuleManager: Shutting down and abandoning module ExampleDeviceProfileSelector (15)
[2016.05.31-19.10.54:701][515]LogModuleManager: Shutting down and abandoning module TextureCompressor (14)
[2016.05.31-19.10.54:701][515]LogModuleManager: Shutting down and abandoning module ShaderCore (13)
[2016.05.31-19.10.54:701][515]LogModuleManager: Shutting down and abandoning module Landscape (12)
[2016.05.31-19.10.54:701][515]LogModuleManager: Shutting down and abandoning module SlateRHIRenderer (11)
[2016.05.31-19.10.54:702][515]LogModuleManager: Shutting down and abandoning module OpenGLDrv (10)
[2016.05.31-19.10.54:702][515]LogModuleManager: Shutting down and abandoning module D3D11RHI (9)
[2016.05.31-19.10.54:702][515]LogModuleManager: Shutting down and abandoning module AnimGraphRuntime (8)
[2016.05.31-19.10.54:702][515]LogModuleManager: Shutting down and abandoning module Renderer (7)
[2016.05.31-19.10.54:702][515]LogModuleManager: Shutting down and abandoning module Engine (6)
[2016.05.31-19.10.54:702][515]LogModuleManager: Shutting down and abandoning module CoreUObject (5)
[2016.05.31-19.10.54:703][515]LogModuleManager: Shutting down and abandoning module NetworkFile (4)
[2016.05.31-19.10.54:703][515]LogModuleManager: Shutting down and abandoning module StreamingFile (3)
[2016.05.31-19.10.54:703][515]LogModuleManager: Shutting down and abandoning module SandboxFile (2)
[2016.05.31-19.10.54:703][515]LogModuleManager: Shutting down and abandoning module PakFile (1)
[2016.05.31-19.10.54:705][515]LogExit: Exiting.
[2016.05.31-19.10.54:728][515]Log file closed, 06/01/16 03:10:54
